<?xml version="1.0" encoding="UTF-8"?>
<!-- Generated by org.testng.reporters.JUnitXMLReporter -->
<testsuite ignored="0" hostname="DESKTOP-IR4AD9F" failures="0" tests="3" name="Default test" time="46.044" errors="0" timestamp="07 Jul 2020 14:34:24 GMT">
  <testcase classname="testNGPractice.GoogleTest" name="googleLogoTest" time="0.269"/>
  <testcase classname="testNGPractice.GoogleTest" name="googleTitleTest" time="0.04"/>
  <testcase classname="testNGPractice.GoogleTest" name="mailLinkTest" time="0.103"/>
</testsuite> <!-- Default test -->
