<?xml version="1.0" encoding="UTF-8"?>
<testng-results ignored="0" total="3" passed="3" failed="0" skipped="0">
  <reporter-output>
  </reporter-output>
  <suite started-at="2020-07-07T14:33:38Z" name="Default suite" finished-at="2020-07-07T14:34:24Z" duration-ms="46044">
    <groups>
    </groups>
    <test started-at="2020-07-07T14:33:38Z" name="Default test" finished-at="2020-07-07T14:34:24Z" duration-ms="46044">
      <class name="testNGPractice.GoogleTest">
        <test-method is-config="true" signature="setUp()[pri:0, instance:testNGPractice.GoogleTest@7920ba90]" started-at="2020-07-07T14:33:38Z" name="setUp" finished-at="2020-07-07T14:33:50Z" duration-ms="11527" status="PASS">
          <reporter-output>
          </reporter-output>
        </test-method> <!-- setUp -->
        <test-method signature="googleLogoTest()[pri:0, instance:testNGPractice.GoogleTest@7920ba90]" started-at="2020-07-07T14:33:50Z" name="googleLogoTest" finished-at="2020-07-07T14:33:50Z" duration-ms="269" status="PASS">
          <reporter-output>
          </reporter-output>
        </test-method> <!-- googleLogoTest -->
        <test-method is-config="true" signature="tearDown()[pri:0, instance:testNGPractice.GoogleTest@7920ba90]" started-at="2020-07-07T14:33:50Z" name="tearDown" finished-at="2020-07-07T14:33:53Z" duration-ms="3424" status="PASS">
          <reporter-output>
          </reporter-output>
        </test-method> <!-- tearDown -->
        <test-method is-config="true" signature="setUp()[pri:0, instance:testNGPractice.GoogleTest@7920ba90]" started-at="2020-07-07T14:33:53Z" name="setUp" finished-at="2020-07-07T14:34:11Z" duration-ms="17570" status="PASS">
          <reporter-output>
          </reporter-output>
        </test-method> <!-- setUp -->
        <test-method signature="googleTitleTest()[pri:0, instance:testNGPractice.GoogleTest@7920ba90]" started-at="2020-07-07T14:34:11Z" name="googleTitleTest" finished-at="2020-07-07T14:34:11Z" duration-ms="40" status="PASS">
          <reporter-output>
          </reporter-output>
        </test-method> <!-- googleTitleTest -->
        <test-method is-config="true" signature="tearDown()[pri:0, instance:testNGPractice.GoogleTest@7920ba90]" started-at="2020-07-07T14:34:11Z" name="tearDown" finished-at="2020-07-07T14:34:13Z" duration-ms="2091" status="PASS">
          <reporter-output>
          </reporter-output>
        </test-method> <!-- tearDown -->
        <test-method is-config="true" signature="setUp()[pri:0, instance:testNGPractice.GoogleTest@7920ba90]" started-at="2020-07-07T14:34:13Z" name="setUp" finished-at="2020-07-07T14:34:22Z" duration-ms="9169" status="PASS">
          <reporter-output>
          </reporter-output>
        </test-method> <!-- setUp -->
        <test-method signature="mailLinkTest()[pri:0, instance:testNGPractice.GoogleTest@7920ba90]" started-at="2020-07-07T14:34:22Z" name="mailLinkTest" finished-at="2020-07-07T14:34:22Z" duration-ms="103" status="PASS">
          <reporter-output>
          </reporter-output>
        </test-method> <!-- mailLinkTest -->
        <test-method is-config="true" signature="tearDown()[pri:0, instance:testNGPractice.GoogleTest@7920ba90]" started-at="2020-07-07T14:34:22Z" name="tearDown" finished-at="2020-07-07T14:34:24Z" duration-ms="1726" status="PASS">
          <reporter-output>
          </reporter-output>
        </test-method> <!-- tearDown -->
      </class> <!-- testNGPractice.GoogleTest -->
    </test> <!-- Default test -->
  </suite> <!-- Default suite -->
</testng-results>
